Log file open, 12/03/21 16:25:04
LogPakFile: Display: Found Pak file ../../../ShooterAssetPack/Content/Paks/ShooterAssetPack-WindowsNoEditor.pak attempting to mount.
LogPakFile: Display: Mounting pak file ../../../ShooterAssetPack/Content/Paks/ShooterAssetPack-WindowsNoEditor.pak.
LogPlatformFile: Not using cached read wrapper
LogTaskGraph: Started task graph with 5 named threads and 35 total threads with 3 sets of task threads.
LogStats: Stats thread started at 0.244146
LogD3D11RHI: Loaded GFSDK_Aftermath_Lib.x64.dll
LogICUInternationalization: ICU TimeZone Detection - Raw Offset: +2:00, Platform Override: ''
LogPluginManager: Mounting plugin Paper2D
LogPluginManager: Mounting plugin AISupport
LogPluginManager: Mounting plugin LightPropagationVolume
LogPluginManager: Mounting plugin AnimationSharing
LogPluginManager: Mounting plugin SignificanceManager
LogPluginManager: Mounting plugin UObjectPlugin
LogPluginManager: Mounting plugin AssetManagerEditor
LogPluginManager: Mounting plugin FacialAnimation
LogPluginManager: Mounting plugin GeometryMode
LogPluginManager: Mounting plugin DatasmithContent
LogPluginManager: Mounting plugin VariantManagerContent
LogPluginManager: Mounting plugin AlembicImporter
LogPluginManager: Mounting plugin GeometryCache
LogPluginManager: Mounting plugin AutomationUtils
LogPluginManager: Mounting plugin ScreenshotTools
LogPluginManager: Mounting plugin BackChannel
LogPluginManager: Mounting plugin ChaosClothEditor
LogPluginManager: Mounting plugin ChaosCloth
LogPluginManager: Mounting plugin ChaosEditor
LogPluginManager: Mounting plugin PlanarCut
LogPluginManager: Mounting plugin GeometryProcessing
LogPluginManager: Mounting plugin EditableMesh
LogPluginManager: Mounting plugin GeometryCollectionPlugin
LogPluginManager: Mounting plugin ProceduralMeshComponent
LogPluginManager: Mounting plugin ChaosSolverPlugin
LogPluginManager: Mounting plugin ChaosNiagara
LogPluginManager: Mounting plugin Niagara
LogPluginManager: Mounting plugin CharacterAI
LogPluginManager: Mounting plugin PlatformCrypto
LogPluginManager: Mounting plugin MagicLeapPassableWorld
LogPluginManager: Mounting plugin MagicLeap
LogPluginManager: Mounting plugin MLSDK
LogPluginManager: Mounting plugin MagicLeapLightEstimation
LogPluginManager: Mounting plugin AvfMedia
LogPluginManager: Mounting plugin ImgMedia
LogPluginManager: Mounting plugin MediaCompositing
LogPluginManager: Mounting plugin WmfMedia
LogPluginManager: Mounting plugin MeshPainting
LogPluginManager: Mounting plugin TcpMessaging
LogPluginManager: Mounting plugin UdpMessaging
LogPluginManager: Mounting plugin ActorSequence
LogPluginManager: Mounting plugin LevelSequenceEditor
LogPluginManager: Mounting plugin MatineeToLevelSequence
LogPluginManager: Mounting plugin TemplateSequence
LogPluginManager: Mounting plugin MovieRenderPipeline
LogPluginManager: Mounting plugin EditorScriptingUtilities
LogPluginManager: Mounting plugin NetcodeUnitTest
LogPluginManager: Mounting plugin OnlineSubsystemNull
LogPluginManager: Mounting plugin OnlineSubsystem
LogPluginManager: Mounting plugin OnlineSubsystemUtils
LogPluginManager: Mounting plugin LauncherChunkInstaller
LogPluginManager: Mounting plugin AndroidPermission
LogPluginManager: Mounting plugin AppleImageUtils
LogPluginManager: Mounting plugin ArchVisCharacter
LogPluginManager: Mounting plugin AssetTags
LogPluginManager: Mounting plugin AudioCapture
LogPluginManager: Mounting plugin CableComponent
LogPluginManager: Mounting plugin CustomMeshComponent
LogPluginManager: Mounting plugin ExampleDeviceProfileSelector
LogPluginManager: Mounting plugin GooglePAD
LogPluginManager: Mounting plugin LocationServicesBPLibrary
LogPluginManager: Mounting plugin MobilePatchingUtils
LogPluginManager: Mounting plugin OculusVR
LogPluginManager: Mounting plugin PhysXVehicles
LogPluginManager: Mounting plugin RuntimePhysXCooking
LogPluginManager: Mounting plugin SoundFields
LogPluginManager: Mounting plugin SteamVR
LogPluginManager: Mounting plugin Synthesis
LogPluginManager: Mounting plugin WebMMoviePlayer
LogPluginManager: Mounting plugin WebMMedia
LogPluginManager: Mounting plugin WindowsMoviePlayer
LogInit: Using libcurl 7.55.1-DEV
LogInit:  - built for x86_64-pc-win32
LogInit:  - supports SSL with OpenSSL/1.1.1
LogInit:  - supports HTTP deflate (compression) using libz 1.2.8
LogInit:  - other features:
LogInit:      CURL_VERSION_SSL
LogInit:      CURL_VERSION_LIBZ
LogInit:      CURL_VERSION_IPV6
LogInit:      CURL_VERSION_ASYNCHDNS
LogInit:      CURL_VERSION_LARGEFILE
LogInit:      CURL_VERSION_IDN
LogInit:  CurlRequestOptions (configurable via config and command line):
LogInit:  - bVerifyPeer = true  - Libcurl will verify peer certificate
LogInit:  - bUseHttpProxy = false  - Libcurl will NOT use HTTP proxy
LogInit:  - bDontReuseConnections = false  - Libcurl will reuse connections
LogInit:  - MaxHostConnections = 16  - Libcurl will limit the number of connections to a host
LogInit:  - LocalHostAddr = Default
LogInit:  - BufferSize = 65536
LogOnline: OSS: Creating online subsystem instance for: NULL
LogInit: WinSock: version 1.1 (2.2), MaxSocks=32767, MaxUdp=65467
LogOnline: OSS: TryLoadSubsystemAndSetDefault: Loaded subsystem for module [NULL]
LogInit: Build: ++UE4+Release-4.25-CL-14469661
LogInit: Engine Version: 4.25.4-14469661+++UE4+Release-4.25
LogInit: Compatible Engine Version: 4.25.0-13144385+++UE4+Release-4.25
LogInit: Net CL: 13144385
LogInit: OS: Windows 10 (Release 2009) (), CPU: Intel(R) Core(TM) i7-8700K CPU @ 3.70GHz, GPU: Intel(R) UHD Graphics 630
LogInit: Compiled (64-bit): Oct 11 2020 08:22:12
LogInit: Compiled with Visual C++: 19.16.27032.01
LogInit: Build Configuration: Development
LogInit: Branch Name: ++UE4+Release-4.25
LogInit: Command Line: 
LogInit: Base Directory: D:/UnrealCourse/ShooterAssetPack/ShooterAssetPack/GameBuild/WindowsNoEditor/ShooterAssetPack/Binaries/Win64/
LogInit: Allocator: binned2
LogInit: Installed Engine Build: 0
LogDevObjectVersion: Number of dev versions registered: 26
LogDevObjectVersion:   Dev-Blueprints (B0D832E4-1F89-4F0D-ACCF-7EB736FD4AA2): 10
LogDevObjectVersion:   Dev-Build (E1C64328-A22C-4D53-A36C-8E866417BD8C): 0
LogDevObjectVersion:   Dev-Core (375EC13C-06E4-48FB-B500-84F0262A717E): 4
LogDevObjectVersion:   Dev-Editor (E4B068ED-F494-42E9-A231-DA0B2E46BB41): 38
LogDevObjectVersion:   Dev-Framework (CFFC743F-43B0-4480-9391-14DF171D2073): 37
LogDevObjectVersion:   Dev-Mobile (B02B49B5-BB20-44E9-A304-32B752E40360): 2
LogDevObjectVersion:   Dev-Networking (A4E4105C-59A1-49B5-A7C5-40C4547EDFEE): 0
LogDevObjectVersion:   Dev-Online (39C831C9-5AE6-47DC-9A44-9C173E1C8E7C): 0
LogDevObjectVersion:   Dev-Physics (78F01B33-EBEA-4F98-B9B4-84EACCB95AA2): 4
LogDevObjectVersion:   Dev-Platform (6631380F-2D4D-43E0-8009-CF276956A95A): 0
LogDevObjectVersion:   Dev-Rendering (12F88B9F-8875-4AFC-A67C-D90C383ABD29): 43
LogDevObjectVersion:   Dev-Sequencer (7B5AE74C-D270-4C10-A958-57980B212A5A): 12
LogDevObjectVersion:   Dev-VR (D7296918-1DD6-4BDD-9DE2-64A83CC13884): 3
LogDevObjectVersion:   Dev-LoadTimes (C2A15278-BFE7-4AFE-6C17-90FF531DF755): 1
LogDevObjectVersion:   Private-Geometry (6EACA3D4-40EC-4CC1-B786-8BED09428FC5): 3
LogDevObjectVersion:   Dev-AnimPhys (29E575DD-E0A3-4627-9D10-D276232CDCEA): 17
LogDevObjectVersion:   Dev-Anim (AF43A65D-7FD3-4947-9873-3E8ED9C1BB05): 7
LogDevObjectVersion:   Dev-ReflectionCapture (6B266CEC-1EC7-4B8F-A30B-E4D90942FC07): 1
LogDevObjectVersion:   Dev-Automation (0DF73D61-A23F-47EA-B727-89E90C41499A): 1
LogDevObjectVersion:   FortniteMain (601D1886-AC64-4F84-AA16-D3DE0DEAC7D6): 31
LogDevObjectVersion:   Dev-Enterprise (9DFFBCD6-494F-0158-E221-12823C92A888): 10
LogDevObjectVersion:   Dev-Niagara (F2AED0AC-9AFE-416F-8664-AA7FFA26D6FC): 1
LogDevObjectVersion:   Dev-Destruction (174F1F0B-B4C6-45A5-B13F-2EE8D0FB917D): 10
LogDevObjectVersion:   Dev-Physics-Ext (35F94A83-E258-406C-A318-09F59610247C): 37
LogDevObjectVersion:   Dev-PhysicsMaterial-Chaos (B68FC16E-8B1B-42E2-B453-215C058844FE): 1
LogDevObjectVersion:   Dev-CineCamera (B2E18506-4273-CFC2-A54E-F4BB758BBA07): 1
LogInit: Presizing for max 2097152 objects, including 1 objects not considered by GC, pre-allocating 0 bytes for permanent pool.
LogConfig: Applying CVar settings from Section [/Script/Engine.StreamingSettings] File [../../../ShooterAssetPack/Saved/Config/WindowsNoEditor/Engine.ini]
LogConfig: Setting CVar [[s.MinBulkDataSizeForAsyncLoading:131072]]
LogConfig: Setting CVar [[s.AsyncLoadingThreadEnabled:0]]
LogConfig: Setting CVar [[s.EventDrivenLoaderEnabled:1]]
LogConfig: Setting CVar [[s.WarnIfTimeLimitExceeded:0]]
LogConfig: Setting CVar [[s.TimeLimitExceededMultiplier:1.5]]
LogConfig: Setting CVar [[s.TimeLimitExceededMinTime:0.005]]
LogConfig: Setting CVar [[s.UseBackgroundLevelStreaming:1]]
LogConfig: Setting CVar [[s.PriorityAsyncLoadingExtraTime:15.0]]
LogConfig: Setting CVar [[s.LevelStreamingActorsUpdateTimeLimit:5.0]]
LogConfig: Setting CVar [[s.PriorityLevelStreamingActorsUpdateExtraTime:5.0]]
LogConfig: Setting CVar [[s.LevelStreamingComponentsRegistrationGranularity:10]]
LogConfig: Setting CVar [[s.UnregisterComponentsTimeLimit:1.0]]
LogConfig: Setting CVar [[s.LevelStreamingComponentsUnregistrationGranularity:5]]
LogConfig: Setting CVar [[s.FlushStreamingOnExit:1]]
LogStreaming: Display: Async Loading initialized: Event Driven Loader: true, Async Loading Thread: false, Async Post Load: true
LogInit: Object subsystem initialized
LogConfig: Setting CVar [[con.DebugEarlyDefault:1]]
LogConfig: Setting CVar [[r.setres:1280x720]]
LogConfig: Setting CVar [[fx.NiagaraAllowRuntimeScalabilityChanges:1]]
[2021.12.03-14.25.04:997][  0]LogConfig: Setting CVar [[con.DebugEarlyDefault:1]]
[2021.12.03-14.25.04:997][  0]LogConfig: Setting CVar [[r.setres:1280x720]]
[2021.12.03-14.25.04:997][  0]LogConfig: Setting CVar [[fx.NiagaraAllowRuntimeScalabilityChanges:1]]
[2021.12.03-14.25.04:997][  0]LogConfig: Applying CVar settings from Section [/Script/Engine.RendererSettings] File [../../../ShooterAssetPack/Saved/Config/WindowsNoEditor/Engine.ini]
[2021.12.03-14.25.04:997][  0]LogConfig: Setting CVar [[r.GPUCrashDebugging:0]]
[2021.12.03-14.25.04:997][  0]LogConfig: Setting CVar [[r.DefaultFeature.AutoExposure.ExtendDefaultLuminanceRange:1]]
[2021.12.03-14.25.04:997][  0]LogConfig: Applying CVar settings from Section [/Script/Engine.RendererOverrideSettings] File [../../../ShooterAssetPack/Saved/Config/WindowsNoEditor/Engine.ini]
[2021.12.03-14.25.04:997][  0]LogConfig: Applying CVar settings from Section [/Script/Engine.StreamingSettings] File [../../../ShooterAssetPack/Saved/Config/WindowsNoEditor/Engine.ini]
[2021.12.03-14.25.04:997][  0]LogConfig: Setting CVar [[s.MinBulkDataSizeForAsyncLoading:131072]]
[2021.12.03-14.25.04:997][  0]LogConfig: Setting CVar [[s.AsyncLoadingThreadEnabled:0]]
[2021.12.03-14.25.04:997][  0]LogConfig: Setting CVar [[s.EventDrivenLoaderEnabled:1]]
[2021.12.03-14.25.04:997][  0]LogConfig: Setting CVar [[s.WarnIfTimeLimitExceeded:0]]
[2021.12.03-14.25.04:997][  0]LogConfig: Setting CVar [[s.TimeLimitExceededMultiplier:1.5]]
[2021.12.03-14.25.04:997][  0]LogConfig: Setting CVar [[s.TimeLimitExceededMinTime:0.005]]
[2021.12.03-14.25.04:997][  0]LogConfig: Setting CVar [[s.UseBackgroundLevelStreaming:1]]
[2021.12.03-14.25.04:997][  0]LogConfig: Setting CVar [[s.PriorityAsyncLoadingExtraTime:15.0]]
[2021.12.03-14.25.04:997][  0]LogConfig: Setting CVar [[s.LevelStreamingActorsUpdateTimeLimit:5.0]]
[2021.12.03-14.25.04:997][  0]LogConfig: Setting CVar [[s.PriorityLevelStreamingActorsUpdateExtraTime:5.0]]
[2021.12.03-14.25.04:997][  0]LogConfig: Setting CVar [[s.LevelStreamingComponentsRegistrationGranularity:10]]
[2021.12.03-14.25.04:997][  0]LogConfig: Setting CVar [[s.UnregisterComponentsTimeLimit:1.0]]
[2021.12.03-14.25.04:997][  0]LogConfig: Setting CVar [[s.LevelStreamingComponentsUnregistrationGranularity:5]]
[2021.12.03-14.25.04:997][  0]LogConfig: Setting CVar [[s.FlushStreamingOnExit:1]]
[2021.12.03-14.25.04:997][  0]LogConfig: Applying CVar settings from Section [/Script/Engine.GarbageCollectionSettings] File [../../../ShooterAssetPack/Saved/Config/WindowsNoEditor/Engine.ini]
[2021.12.03-14.25.04:997][  0]LogConfig: Setting CVar [[gc.MaxObjectsNotConsideredByGC:1]]
[2021.12.03-14.25.04:997][  0]LogConfig: Setting CVar [[gc.SizeOfPermanentObjectPool:0]]
[2021.12.03-14.25.04:997][  0]LogConfig: Setting CVar [[gc.FlushStreamingOnGC:0]]
[2021.12.03-14.25.04:997][  0]LogConfig: Setting CVar [[gc.NumRetriesBeforeForcingGC:10]]
[2021.12.03-14.25.04:997][  0]LogConfig: Setting CVar [[gc.AllowParallelGC:1]]
[2021.12.03-14.25.04:997][  0]LogConfig: Setting CVar [[gc.TimeBetweenPurgingPendingKillObjects:61.1]]
[2021.12.03-14.25.04:997][  0]LogConfig: Setting CVar [[gc.MaxObjectsInEditor:25165824]]
[2021.12.03-14.25.04:997][  0]LogConfig: Setting CVar [[gc.IncrementalBeginDestroyEnabled:1]]
[2021.12.03-14.25.04:997][  0]LogConfig: Setting CVar [[gc.CreateGCClusters:1]]
[2021.12.03-14.25.04:997][  0]LogConfig: Setting CVar [[gc.MinGCClusterSize:5]]
[2021.12.03-14.25.04:997][  0]LogConfig: Setting CVar [[gc.ActorClusteringEnabled:0]]
[2021.12.03-14.25.04:997][  0]LogConfig: Setting CVar [[gc.BlueprintClusteringEnabled:0]]
[2021.12.03-14.25.04:997][  0]LogConfig: Setting CVar [[gc.UseDisregardForGCOnDedicatedServers:0]]
[2021.12.03-14.25.04:997][  0]LogConfig: Applying CVar settings from Section [/Script/Engine.NetworkSettings] File [../../../ShooterAssetPack/Saved/Config/WindowsNoEditor/Engine.ini]
[2021.12.03-14.25.05:001][  0]LogConfig: Applying CVar settings from Section [ViewDistanceQuality@3] File [../../../ShooterAssetPack/Saved/Config/WindowsNoEditor/Scalability.ini]
[2021.12.03-14.25.05:001][  0]LogConfig: Setting CVar [[r.SkeletalMeshLODBias:0]]
[2021.12.03-14.25.05:001][  0]LogConfig: Setting CVar [[r.ViewDistanceScale:1.0]]
[2021.12.03-14.25.05:001][  0]LogConfig: Applying CVar settings from Section [AntiAliasingQuality@3] File [../../../ShooterAssetPack/Saved/Config/WindowsNoEditor/Scalability.ini]
[2021.12.03-14.25.05:002][  0]LogConfig: Setting CVar [[r.PostProcessAAQuality:4]]
[2021.12.03-14.25.05:002][  0]LogConfig: Applying CVar settings from Section [ShadowQuality@3] File [../../../ShooterAssetPack/Saved/Config/WindowsNoEditor/Scalability.ini]
[2021.12.03-14.25.05:002][  0]LogConfig: Setting CVar [[r.LightFunctionQuality:1]]
[2021.12.03-14.25.05:002][  0]LogConfig: Setting CVar [[r.ShadowQuality:5]]
[2021.12.03-14.25.05:002][  0]LogConfig: Setting CVar [[r.Shadow.CSM.MaxCascades:10]]
[2021.12.03-14.25.05:002][  0]LogConfig: Setting CVar [[r.Shadow.MaxResolution:2048]]
[2021.12.03-14.25.05:002][  0]LogConfig: Setting CVar [[r.Shadow.MaxCSMResolution:2048]]
[2021.12.03-14.25.05:002][  0]LogConfig: Setting CVar [[r.Shadow.RadiusThreshold:0.01]]
[2021.12.03-14.25.05:002][  0]LogConfig: Setting CVar [[r.Shadow.DistanceScale:1.0]]
[2021.12.03-14.25.05:002][  0]LogConfig: Setting CVar [[r.Shadow.CSM.TransitionScale:1.0]]
[2021.12.03-14.25.05:002][  0]LogConfig: Setting CVar [[r.Shadow.PreShadowResolutionFactor:1.0]]
[2021.12.03-14.25.05:002][  0]LogConfig: Setting CVar [[r.DistanceFieldShadowing:1]]
[2021.12.03-14.25.05:002][  0]LogConfig: Setting CVar [[r.DistanceFieldAO:1]]
[2021.12.03-14.25.05:002][  0]LogConfig: Setting CVar [[r.AOQuality:2]]
[2021.12.03-14.25.05:002][  0]LogConfig: Setting CVar [[r.VolumetricFog:1]]
[2021.12.03-14.25.05:002][  0]LogConfig: Setting CVar [[r.VolumetricFog.GridPixelSize:8]]
[2021.12.03-14.25.05:002][  0]LogConfig: Setting CVar [[r.VolumetricFog.GridSizeZ:128]]
[2021.12.03-14.25.05:002][  0]LogConfig: Setting CVar [[r.VolumetricFog.HistoryMissSupersampleCount:4]]
[2021.12.03-14.25.05:002][  0]LogConfig: Setting CVar [[r.LightMaxDrawDistanceScale:1]]
[2021.12.03-14.25.05:002][  0]LogConfig: Setting CVar [[r.CapsuleShadows:1]]
[2021.12.03-14.25.05:002][  0]LogConfig: Applying CVar settings from Section [PostProcessQuality@3] File [../../../ShooterAssetPack/Saved/Config/WindowsNoEditor/Scalability.ini]
[2021.12.03-14.25.05:002][  0]LogConfig: Setting CVar [[r.MotionBlurQuality:4]]
[2021.12.03-14.25.05:002][  0]LogConfig: Setting CVar [[r.AmbientOcclusionMipLevelFactor:0.4]]
[2021.12.03-14.25.05:002][  0]LogConfig: Setting CVar [[r.AmbientOcclusionMaxQuality:100]]
[2021.12.03-14.25.05:002][  0]LogConfig: Setting CVar [[r.AmbientOcclusionLevels:-1]]
[2021.12.03-14.25.05:002][  0]LogConfig: Setting CVar [[r.AmbientOcclusionRadiusScale:1.0]]
[2021.12.03-14.25.05:002][  0]LogConfig: Setting CVar [[r.DepthOfFieldQuality:2]]
[2021.12.03-14.25.05:002][  0]LogConfig: Setting CVar [[r.RenderTargetPoolMin:400]]
[2021.12.03-14.25.05:002][  0]LogConfig: Setting CVar [[r.LensFlareQuality:2]]
[2021.12.03-14.25.05:002][  0]LogConfig: Setting CVar [[r.SceneColorFringeQuality:1]]
[2021.12.03-14.25.05:002][  0]LogConfig: Setting CVar [[r.EyeAdaptationQuality:2]]
[2021.12.03-14.25.05:002][  0]LogConfig: Setting CVar [[r.BloomQuality:5]]
[2021.12.03-14.25.05:002][  0]LogConfig: Setting CVar [[r.FastBlurThreshold:100]]
[2021.12.03-14.25.05:002][  0]LogConfig: Setting CVar [[r.Upscale.Quality:3]]
[2021.12.03-14.25.05:002][  0]LogConfig: Setting CVar [[r.Tonemapper.GrainQuantization:1]]
[2021.12.03-14.25.05:002][  0]LogConfig: Setting CVar [[r.LightShaftQuality:1]]
[2021.12.03-14.25.05:002][  0]LogConfig: Setting CVar [[r.Filter.SizeScale:1]]
[2021.12.03-14.25.05:002][  0]LogConfig: Setting CVar [[r.Tonemapper.Quality:5]]
[2021.12.03-14.25.05:002][  0]LogConfig: Setting CVar [[r.DOF.Gather.AccumulatorQuality:1        ; higher gathering accumulator quality]]
[2021.12.03-14.25.05:002][  0]LogConfig: Setting CVar [[r.DOF.Gather.PostfilterMethod:1          ; Median3x3 postfilering method]]
[2021.12.03-14.25.05:002][  0]LogConfig: Setting CVar [[r.DOF.Gather.EnableBokehSettings:0       ; no bokeh simulation when gathering]]
[2021.12.03-14.25.05:002][  0]LogConfig: Setting CVar [[r.DOF.Gather.RingCount:4                 ; medium number of samples when gathering]]
[2021.12.03-14.25.05:002][  0]LogConfig: Setting CVar [[r.DOF.Scatter.ForegroundCompositing:1    ; additive foreground scattering]]
[2021.12.03-14.25.05:002][  0]LogConfig: Setting CVar [[r.DOF.Scatter.BackgroundCompositing:2    ; additive background scattering]]
[2021.12.03-14.25.05:002][  0]LogConfig: Setting CVar [[r.DOF.Scatter.EnableBokehSettings:1      ; bokeh simulation when scattering]]
[2021.12.03-14.25.05:002][  0]LogConfig: Setting CVar [[r.DOF.Scatter.MaxSpriteRatio:0.1         ; only a maximum of 10% of scattered bokeh]]
[2021.12.03-14.25.05:002][  0]LogConfig: Setting CVar [[r.DOF.Recombine.Quality:1                ; cheap slight out of focus]]
[2021.12.03-14.25.05:002][  0]LogConfig: Setting CVar [[r.DOF.Recombine.EnableBokehSettings:0    ; no bokeh simulation on slight out of focus]]
[2021.12.03-14.25.05:002][  0]LogConfig: Setting CVar [[r.DOF.TemporalAAQuality:1                ; more stable temporal accumulation]]
[2021.12.03-14.25.05:002][  0]LogConfig: Setting CVar [[r.DOF.Kernel.MaxForegroundRadius:0.025]]
[2021.12.03-14.25.05:002][  0]LogConfig: Setting CVar [[r.DOF.Kernel.MaxBackgroundRadius:0.025]]
[2021.12.03-14.25.05:002][  0]LogConfig: Applying CVar settings from Section [TextureQuality@3] File [../../../ShooterAssetPack/Saved/Config/WindowsNoEditor/Scalability.ini]
[2021.12.03-14.25.05:002][  0]LogConfig: Setting CVar [[r.Streaming.MipBias:0]]
[2021.12.03-14.25.05:002][  0]LogConfig: Setting CVar [[r.Streaming.AmortizeCPUToGPUCopy:0]]
[2021.12.03-14.25.05:002][  0]LogConfig: Setting CVar [[r.Streaming.MaxNumTexturesToStreamPerFrame:0]]
[2021.12.03-14.25.05:002][  0]LogConfig: Setting CVar [[r.Streaming.Boost:1]]
[2021.12.03-14.25.05:002][  0]LogConfig: Setting CVar [[r.MaxAnisotropy:8]]
[2021.12.03-14.25.05:002][  0]LogConfig: Setting CVar [[r.VT.MaxAnisotropy:8]]
[2021.12.03-14.25.05:002][  0]LogConfig: Setting CVar [[r.Streaming.LimitPoolSizeToVRAM:0]]
[2021.12.03-14.25.05:002][  0]LogConfig: Setting CVar [[r.Streaming.PoolSize:1000]]
[2021.12.03-14.25.05:002][  0]LogConfig: Setting CVar [[r.Streaming.MaxEffectiveScreenSize:0]]
[2021.12.03-14.25.05:002][  0]LogConfig: Applying CVar settings from Section [EffectsQuality@3] File [../../../ShooterAssetPack/Saved/Config/WindowsNoEditor/Scalability.ini]
[2021.12.03-14.25.05:002][  0]LogConfig: Setting CVar [[r.TranslucencyLightingVolumeDim:64]]
[2021.12.03-14.25.05:002][  0]LogConfig: Setting CVar [[r.RefractionQuality:2]]
[2021.12.03-14.25.05:002][  0]LogConfig: Setting CVar [[r.SSR.Quality:3]]
[2021.12.03-14.25.05:002][  0]LogConfig: Setting CVar [[r.SSR.HalfResSceneColor:0]]
[2021.12.03-14.25.05:002][  0]LogConfig: Setting CVar [[r.SceneColorFormat:4]]
[2021.12.03-14.25.05:002][  0]LogConfig: Setting CVar [[r.DetailMode:2]]
[2021.12.03-14.25.05:002][  0]LogConfig: Setting CVar [[r.TranslucencyVolumeBlur:1]]
[2021.12.03-14.25.05:002][  0]LogConfig: Setting CVar [[r.MaterialQualityLevel:1 ; High quality]]
[2021.12.03-14.25.05:002][  0]LogConfig: Setting CVar [[r.SSS.Scale:1]]
[2021.12.03-14.25.05:002][  0]LogConfig: Setting CVar [[r.SSS.SampleSet:2]]
[2021.12.03-14.25.05:002][  0]LogConfig: Setting CVar [[r.SSS.Quality:1]]
[2021.12.03-14.25.05:002][  0]LogConfig: Setting CVar [[r.SSS.HalfRes:0]]
[2021.12.03-14.25.05:002][  0]LogConfig: Setting CVar [[r.SSGI.Quality:3]]
[2021.12.03-14.25.05:002][  0]LogConfig: Setting CVar [[r.EmitterSpawnRateScale:1.0]]
[2021.12.03-14.25.05:002][  0]LogConfig: Setting CVar [[r.ParticleLightQuality:2]]
[2021.12.03-14.25.05:002][  0]LogConfig: Setting CVar [[r.SkyAtmosphere.AerialPerspectiveLUT.FastApplyOnOpaque:1 ; Always have FastSkyLUT 1 in this case to avoid wrong sky]]
[2021.12.03-14.25.05:002][  0]LogConfig: Setting CVar [[r.SkyAtmosphere.AerialPerspectiveLUT.SampleCountPerSlice:1]]
[2021.12.03-14.25.05:002][  0]LogConfig: Setting CVar [[r.SkyAtmosphere.AerialPerspectiveLUT.DepthResolution:16.0]]
[2021.12.03-14.25.05:002][  0]LogConfig: Setting CVar [[r.SkyAtmosphere.FastSkyLUT:1]]
[2021.12.03-14.25.05:002][  0]LogConfig: Setting CVar [[r.SkyAtmosphere.FastSkyLUT.SampleCountMin:4.0]]
[2021.12.03-14.25.05:002][  0]LogConfig: Setting CVar [[r.SkyAtmosphere.FastSkyLUT.SampleCountMax:32.0]]
[2021.12.03-14.25.05:002][  0]LogConfig: Setting CVar [[r.SkyAtmosphere.SampleCountMin:4.0]]
[2021.12.03-14.25.05:002][  0]LogConfig: Setting CVar [[r.SkyAtmosphere.SampleCountMax:32.0]]
[2021.12.03-14.25.05:002][  0]LogConfig: Setting CVar [[r.SkyAtmosphere.TransmittanceLUT.UseSmallFormat:0]]
[2021.12.03-14.25.05:002][  0]LogConfig: Setting CVar [[r.SkyAtmosphere.TransmittanceLUT.SampleCount:10.0]]
[2021.12.03-14.25.05:002][  0]LogConfig: Setting CVar [[r.SkyAtmosphere.MultiScatteringLUT.SampleCount:15.0]]
[2021.12.03-14.25.05:002][  0]LogConfig: Setting CVar [[fx.Niagara.QualityLevel:3]]
[2021.12.03-14.25.05:003][  0]LogConfig: Applying CVar settings from Section [FoliageQuality@3] File [../../../ShooterAssetPack/Saved/Config/WindowsNoEditor/Scalability.ini]
[2021.12.03-14.25.05:003][  0]LogConfig: Setting CVar [[foliage.DensityScale:1.0]]
[2021.12.03-14.25.05:003][  0]LogConfig: Setting CVar [[grass.DensityScale:1.0]]
[2021.12.03-14.25.05:003][  0]LogConfig: Applying CVar settings from Section [ShadingQuality@3] File [../../../ShooterAssetPack/Saved/Config/WindowsNoEditor/Scalability.ini]
[2021.12.03-14.25.05:003][  0]LogConfig: Setting CVar [[r.HairStrands.SkyLighting.SampleCount:16]]
[2021.12.03-14.25.05:003][  0]LogConfig: Setting CVar [[r.HairStrands.SkyLighting.JitterIntegration:0]]
[2021.12.03-14.25.05:003][  0]LogConfig: Setting CVar [[r.HairStrands.SkyAO.SampleCount:16]]
[2021.12.03-14.25.05:003][  0]LogConfig: Setting CVar [[r.HairStrands.DeepShadow.SuperSampling:0]]
[2021.12.03-14.25.05:003][  0]LogConfig: Setting CVar [[r.HairStrands.VisibilityPPLL:0]]
[2021.12.03-14.25.05:003][  0]LogConfig: Setting CVar [[r.HairStrands.RasterizationScale:0.5]]
[2021.12.03-14.25.05:003][  0]LogConfig: Setting CVar [[r.HairStrands.VelocityRasterizationScale:1]]
[2021.12.03-14.25.05:004][  0]LogInit: Selected Device Profile: [WindowsNoEditor]
[2021.12.03-14.25.05:004][  0]LogInit: Applying CVar settings loaded from the selected device profile: [WindowsNoEditor]
[2021.12.03-14.25.05:004][  0]LogHAL: Display: Platform has ~ 16 GB [17028075520 / 17179869184 / 16], which maps to Larger [LargestMinGB=32, LargerMinGB=12, DefaultMinGB=8, SmallerMinGB=6, SmallestMinGB=0)
[2021.12.03-14.25.05:004][  0]LogInit: Going up to parent DeviceProfile [Windows]
[2021.12.03-14.25.05:004][  0]LogInit: Going up to parent DeviceProfile []
[2021.12.03-14.25.05:004][  0]LogConfig: Applying CVar settings from Section [ViewDistanceQuality@3] File [../../../ShooterAssetPack/Saved/Config/WindowsNoEditor/Scalability.ini]
[2021.12.03-14.25.05:004][  0]LogConfig: Setting CVar [[r.SkeletalMeshLODBias:0]]
[2021.12.03-14.25.05:004][  0]LogConfig: Setting CVar [[r.ViewDistanceScale:1.0]]
[2021.12.03-14.25.05:004][  0]LogConfig: Applying CVar settings from Section [AntiAliasingQuality@3] File [../../../ShooterAssetPack/Saved/Config/WindowsNoEditor/Scalability.ini]
[2021.12.03-14.25.05:004][  0]LogConfig: Setting CVar [[r.PostProcessAAQuality:4]]
[2021.12.03-14.25.05:004][  0]LogConfig: Applying CVar settings from Section [ShadowQuality@3] File [../../../ShooterAssetPack/Saved/Config/WindowsNoEditor/Scalability.ini]
[2021.12.03-14.25.05:004][  0]LogConfig: Setting CVar [[r.LightFunctionQuality:1]]
[2021.12.03-14.25.05:004][  0]LogConfig: Setting CVar [[r.ShadowQuality:5]]
[2021.12.03-14.25.05:004][  0]LogConfig: Setting CVar [[r.Shadow.CSM.MaxCascades:10]]
[2021.12.03-14.25.05:004][  0]LogConfig: Setting CVar [[r.Shadow.MaxResolution:2048]]
[2021.12.03-14.25.05:004][  0]LogConfig: Setting CVar [[r.Shadow.MaxCSMResolution:2048]]
[2021.12.03-14.25.05:004][  0]LogConfig: Setting CVar [[r.Shadow.RadiusThreshold:0.01]]
[2021.12.03-14.25.05:004][  0]LogConfig: Setting CVar [[r.Shadow.DistanceScale:1.0]]
[2021.12.03-14.25.05:004][  0]LogConfig: Setting CVar [[r.Shadow.CSM.TransitionScale:1.0]]
[2021.12.03-14.25.05:004][  0]LogConfig: Setting CVar [[r.Shadow.PreShadowResolutionFactor:1.0]]
[2021.12.03-14.25.05:004][  0]LogConfig: Setting CVar [[r.DistanceFieldShadowing:1]]
[2021.12.03-14.25.05:004][  0]LogConfig: Setting CVar [[r.DistanceFieldAO:1]]
[2021.12.03-14.25.05:004][  0]LogConfig: Setting CVar [[r.AOQuality:2]]
[2021.12.03-14.25.05:004][  0]LogConfig: Setting CVar [[r.VolumetricFog:1]]
[2021.12.03-14.25.05:004][  0]LogConfig: Setting CVar [[r.VolumetricFog.GridPixelSize:8]]
[2021.12.03-14.25.05:004][  0]LogConfig: Setting CVar [[r.VolumetricFog.GridSizeZ:128]]
[2021.12.03-14.25.05:004][  0]LogConfig: Setting CVar [[r.VolumetricFog.HistoryMissSupersampleCount:4]]
[2021.12.03-14.25.05:004][  0]LogConfig: Setting CVar [[r.LightMaxDrawDistanceScale:1]]
[2021.12.03-14.25.05:004][  0]LogConfig: Setting CVar [[r.CapsuleShadows:1]]
[2021.12.03-14.25.05:004][  0]LogConfig: Applying CVar settings from Section [PostProcessQuality@3] File [../../../ShooterAssetPack/Saved/Config/WindowsNoEditor/Scalability.ini]
[2021.12.03-14.25.05:004][  0]LogConfig: Setting CVar [[r.MotionBlurQuality:4]]
[2021.12.03-14.25.05:004][  0]LogConfig: Setting CVar [[r.AmbientOcclusionMipLevelFactor:0.4]]
[2021.12.03-14.25.05:004][  0]LogConfig: Setting CVar [[r.AmbientOcclusionMaxQuality:100]]
[2021.12.03-14.25.05:004][  0]LogConfig: Setting CVar [[r.AmbientOcclusionLevels:-1]]
[2021.12.03-14.25.05:004][  0]LogConfig: Setting CVar [[r.AmbientOcclusionRadiusScale:1.0]]
[2021.12.03-14.25.05:004][  0]LogConfig: Setting CVar [[r.DepthOfFieldQuality:2]]
[2021.12.03-14.25.05:004][  0]LogConfig: Setting CVar [[r.RenderTargetPoolMin:400]]
[2021.12.03-14.25.05:004][  0]LogConfig: Setting CVar [[r.LensFlareQuality:2]]
[2021.12.03-14.25.05:004][  0]LogConfig: Setting CVar [[r.SceneColorFringeQuality:1]]
[2021.12.03-14.25.05:004][  0]LogConfig: Setting CVar [[r.EyeAdaptationQuality:2]]
[2021.12.03-14.25.05:004][  0]LogConfig: Setting CVar [[r.BloomQuality:5]]
[2021.12.03-14.25.05:004][  0]LogConfig: Setting CVar [[r.FastBlurThreshold:100]]
[2021.12.03-14.25.05:004][  0]LogConfig: Setting CVar [[r.Upscale.Quality:3]]
[2021.12.03-14.25.05:004][  0]LogConfig: Setting CVar [[r.Tonemapper.GrainQuantization:1]]
[2021.12.03-14.25.05:004][  0]LogConfig: Setting CVar [[r.LightShaftQuality:1]]
[2021.12.03-14.25.05:004][  0]LogConfig: Setting CVar [[r.Filter.SizeScale:1]]
[2021.12.03-14.25.05:004][  0]LogConfig: Setting CVar [[r.Tonemapper.Quality:5]]
[2021.12.03-14.25.05:004][  0]LogConfig: Setting CVar [[r.DOF.Gather.AccumulatorQuality:1        ; higher gathering accumulator quality]]
[2021.12.03-14.25.05:004][  0]LogConfig: Setting CVar [[r.DOF.Gather.PostfilterMethod:1          ; Median3x3 postfilering method]]
[2021.12.03-14.25.05:004][  0]LogConfig: Setting CVar [[r.DOF.Gather.EnableBokehSettings:0       ; no bokeh simulation when gathering]]
[2021.12.03-14.25.05:004][  0]LogConfig: Setting CVar [[r.DOF.Gather.RingCount:4                 ; medium number of samples when gathering]]
[2021.12.03-14.25.05:004][  0]LogConfig: Setting CVar [[r.DOF.Scatter.ForegroundCompositing:1    ; additive foreground scattering]]
[2021.12.03-14.25.05:004][  0]LogConfig: Setting CVar [[r.DOF.Scatter.BackgroundCompositing:2    ; additive background scattering]]
[2021.12.03-14.25.05:004][  0]LogConfig: Setting CVar [[r.DOF.Scatter.EnableBokehSettings:1      ; bokeh simulation when scattering]]
[2021.12.03-14.25.05:004][  0]LogConfig: Setting CVar [[r.DOF.Scatter.MaxSpriteRatio:0.1         ; only a maximum of 10% of scattered bokeh]]
[2021.12.03-14.25.05:004][  0]LogConfig: Setting CVar [[r.DOF.Recombine.Quality:1                ; cheap slight out of focus]]
[2021.12.03-14.25.05:004][  0]LogConfig: Setting CVar [[r.DOF.Recombine.EnableBokehSettings:0    ; no bokeh simulation on slight out of focus]]
[2021.12.03-14.25.05:004][  0]LogConfig: Setting CVar [[r.DOF.TemporalAAQuality:1                ; more stable temporal accumulation]]
[2021.12.03-14.25.05:004][  0]LogConfig: Setting CVar [[r.DOF.Kernel.MaxForegroundRadius:0.025]]
[2021.12.03-14.25.05:004][  0]LogConfig: Setting CVar [[r.DOF.Kernel.MaxBackgroundRadius:0.025]]
[2021.12.03-14.25.05:004][  0]LogConfig: Applying CVar settings from Section [TextureQuality@3] File [../../../ShooterAssetPack/Saved/Config/WindowsNoEditor/Scalability.ini]
[2021.12.03-14.25.05:004][  0]LogConfig: Setting CVar [[r.Streaming.MipBias:0]]
[2021.12.03-14.25.05:004][  0]LogConfig: Setting CVar [[r.Streaming.AmortizeCPUToGPUCopy:0]]
[2021.12.03-14.25.05:004][  0]LogConfig: Setting CVar [[r.Streaming.MaxNumTexturesToStreamPerFrame:0]]
[2021.12.03-14.25.05:005][  0]LogConfig: Setting CVar [[r.Streaming.Boost:1]]
[2021.12.03-14.25.05:005][  0]LogConfig: Setting CVar [[r.MaxAnisotropy:8]]
[2021.12.03-14.25.05:005][  0]LogConfig: Setting CVar [[r.VT.MaxAnisotropy:8]]
[2021.12.03-14.25.05:005][  0]LogConfig: Setting CVar [[r.Streaming.LimitPoolSizeToVRAM:0]]
[2021.12.03-14.25.05:005][  0]LogConfig: Setting CVar [[r.Streaming.PoolSize:1000]]
[2021.12.03-14.25.05:005][  0]LogConfig: Setting CVar [[r.Streaming.MaxEffectiveScreenSize:0]]
[2021.12.03-14.25.05:005][  0]LogConfig: Applying CVar settings from Section [EffectsQuality@3] File [../../../ShooterAssetPack/Saved/Config/WindowsNoEditor/Scalability.ini]
[2021.12.03-14.25.05:005][  0]LogConfig: Setting CVar [[r.TranslucencyLightingVolumeDim:64]]
[2021.12.03-14.25.05:005][  0]LogConfig: Setting CVar [[r.RefractionQuality:2]]
[2021.12.03-14.25.05:005][  0]LogConfig: Setting CVar [[r.SSR.Quality:3]]
[2021.12.03-14.25.05:005][  0]LogConfig: Setting CVar [[r.SSR.HalfResSceneColor:0]]
[2021.12.03-14.25.05:005][  0]LogConfig: Setting CVar [[r.SceneColorFormat:4]]
[2021.12.03-14.25.05:005][  0]LogConfig: Setting CVar [[r.DetailMode:2]]
[2021.12.03-14.25.05:005][  0]LogConfig: Setting CVar [[r.TranslucencyVolumeBlur:1]]
[2021.12.03-14.25.05:005][  0]LogConfig: Setting CVar [[r.MaterialQualityLevel:1 ; High quality]]
[2021.12.03-14.25.05:005][  0]LogConfig: Setting CVar [[r.SSS.Scale:1]]
[2021.12.03-14.25.05:005][  0]LogConfig: Setting CVar [[r.SSS.SampleSet:2]]
[2021.12.03-14.25.05:005][  0]LogConfig: Setting CVar [[r.SSS.Quality:1]]
[2021.12.03-14.25.05:005][  0]LogConfig: Setting CVar [[r.SSS.HalfRes:0]]
[2021.12.03-14.25.05:005][  0]LogConfig: Setting CVar [[r.SSGI.Quality:3]]
[2021.12.03-14.25.05:005][  0]LogConfig: Setting CVar [[r.EmitterSpawnRateScale:1.0]]
[2021.12.03-14.25.05:005][  0]LogConfig: Setting CVar [[r.ParticleLightQuality:2]]
[2021.12.03-14.25.05:005][  0]LogConfig: Setting CVar [[r.SkyAtmosphere.AerialPerspectiveLUT.FastApplyOnOpaque:1 ; Always have FastSkyLUT 1 in this case to avoid wrong sky]]
[2021.12.03-14.25.05:005][  0]LogConfig: Setting CVar [[r.SkyAtmosphere.AerialPerspectiveLUT.SampleCountPerSlice:1]]
[2021.12.03-14.25.05:005][  0]LogConfig: Setting CVar [[r.SkyAtmosphere.AerialPerspectiveLUT.DepthResolution:16.0]]
[2021.12.03-14.25.05:005][  0]LogConfig: Setting CVar [[r.SkyAtmosphere.FastSkyLUT:1]]
[2021.12.03-14.25.05:005][  0]LogConfig: Setting CVar [[r.SkyAtmosphere.FastSkyLUT.SampleCountMin:4.0]]
[2021.12.03-14.25.05:005][  0]LogConfig: Setting CVar [[r.SkyAtmosphere.FastSkyLUT.SampleCountMax:32.0]]
[2021.12.03-14.25.05:005][  0]LogConfig: Setting CVar [[r.SkyAtmosphere.SampleCountMin:4.0]]
[2021.12.03-14.25.05:005][  0]LogConfig: Setting CVar [[r.SkyAtmosphere.SampleCountMax:32.0]]
[2021.12.03-14.25.05:005][  0]LogConfig: Setting CVar [[r.SkyAtmosphere.TransmittanceLUT.UseSmallFormat:0]]
[2021.12.03-14.25.05:005][  0]LogConfig: Setting CVar [[r.SkyAtmosphere.TransmittanceLUT.SampleCount:10.0]]
[2021.12.03-14.25.05:005][  0]LogConfig: Setting CVar [[r.SkyAtmosphere.MultiScatteringLUT.SampleCount:15.0]]
[2021.12.03-14.25.05:005][  0]LogConfig: Setting CVar [[fx.Niagara.QualityLevel:3]]
[2021.12.03-14.25.05:005][  0]LogConfig: Applying CVar settings from Section [FoliageQuality@3] File [../../../ShooterAssetPack/Saved/Config/WindowsNoEditor/Scalability.ini]
[2021.12.03-14.25.05:005][  0]LogConfig: Setting CVar [[foliage.DensityScale:1.0]]
[2021.12.03-14.25.05:005][  0]LogConfig: Setting CVar [[grass.DensityScale:1.0]]
[2021.12.03-14.25.05:005][  0]LogConfig: Applying CVar settings from Section [ShadingQuality@3] File [../../../ShooterAssetPack/Saved/Config/WindowsNoEditor/Scalability.ini]
[2021.12.03-14.25.05:005][  0]LogConfig: Setting CVar [[r.HairStrands.SkyLighting.SampleCount:16]]
[2021.12.03-14.25.05:005][  0]LogConfig: Setting CVar [[r.HairStrands.SkyLighting.JitterIntegration:0]]
[2021.12.03-14.25.05:005][  0]LogConfig: Setting CVar [[r.HairStrands.SkyAO.SampleCount:16]]
[2021.12.03-14.25.05:005][  0]LogConfig: Setting CVar [[r.HairStrands.DeepShadow.SuperSampling:0]]
[2021.12.03-14.25.05:005][  0]LogConfig: Setting CVar [[r.HairStrands.VisibilityPPLL:0]]
[2021.12.03-14.25.05:005][  0]LogConfig: Setting CVar [[r.HairStrands.RasterizationScale:0.5]]
[2021.12.03-14.25.05:005][  0]LogConfig: Setting CVar [[r.HairStrands.VelocityRasterizationScale:1]]
[2021.12.03-14.25.05:005][  0]LogConfig: Applying CVar settings from Section [Startup] File [../../../Engine/Config/ConsoleVariables.ini]
[2021.12.03-14.25.05:005][  0]LogConfig: Setting CVar [[net.UseAdaptiveNetUpdateFrequency:0]]
[2021.12.03-14.25.05:005][  0]LogConfig: Setting CVar [[p.chaos.AllowCreatePhysxBodies:1]]
[2021.12.03-14.25.05:005][  0]LogConfig: Setting CVar [[fx.SkipVectorVMBackendOptimizations:1]]
[2021.12.03-14.25.05:005][  0]LogConfig: Applying CVar settings from Section [ConsoleVariables] File [../../../ShooterAssetPack/Saved/Config/WindowsNoEditor/Engine.ini]
[2021.12.03-14.25.05:005][  0]LogInit: Computer: DESKTOP-5SCVMTL
[2021.12.03-14.25.05:005][  0]LogInit: User: Ninevius
[2021.12.03-14.25.05:005][  0]LogInit: CPU Page size=4096, Cores=6
[2021.12.03-14.25.05:005][  0]LogInit: High frequency timer resolution =10.000000 MHz
[2021.12.03-14.25.05:005][  0]LogMemory: Memory total: Physical=15.9GB (16GB approx)
[2021.12.03-14.25.05:005][  0]LogMemory: Platform Memory Stats for WindowsNoEditor
[2021.12.03-14.25.05:005][  0]LogMemory: Process Physical Memory: 68.65 MB used, 68.65 MB peak
[2021.12.03-14.25.05:005][  0]LogMemory: Process Virtual Memory: 74.90 MB used, 74.90 MB peak
[2021.12.03-14.25.05:005][  0]LogMemory: Physical Memory: 6564.53 MB used,  9674.71 MB free, 16239.24 MB total
[2021.12.03-14.25.05:005][  0]LogMemory: Virtual Memory: 4941.02 MB used,  134212784.00 MB free, 134217728.00 MB total
[2021.12.03-14.25.05:010][  0]LogWindows: WindowsPlatformFeatures enabled
[2021.12.03-14.25.05:182][  0]LogInit: Physics initialised using underlying interface: PhysX
[2021.12.03-14.25.05:183][  0]LogInit: Using OS detected language (en-US).
[2021.12.03-14.25.05:183][  0]LogInit: Using OS detected locale (en-US).
[2021.12.03-14.25.05:183][  0]LogTextLocalizationManager: No specific localization for 'en-US' exists, so the 'en' localization will be used.
[2021.12.03-14.25.05:231][  0]LogSlate: New Slate User Created.  User Index 0, Is Virtual User: 0
[2021.12.03-14.25.05:231][  0]LogSlate: Slate User Registered.  User Index 0, Is Virtual User: 0
[2021.12.03-14.25.05:251][  0]LogHMD: Failed to initialize OpenVR with code 110
[2021.12.03-14.25.05:251][  0]LogD3D11RHI: D3D11 min allowed feature level: 11_0
[2021.12.03-14.25.05:251][  0]LogD3D11RHI: D3D11 max allowed feature level: 11_0
[2021.12.03-14.25.05:251][  0]LogD3D11RHI: D3D11 adapters:
[2021.12.03-14.25.05:447][  0]LogD3D11RHI:    0. 'NVIDIA GeForce GTX 1070 Ti' (Feature Level 11_0)
[2021.12.03-14.25.05:447][  0]LogD3D11RHI:       8079/0/8119 MB DedicatedVideo/DedicatedSystem/SharedSystem, Outputs:1, VendorId:0x10de
[2021.12.03-14.25.05:512][  0]LogD3D11RHI:    1. 'Intel(R) UHD Graphics 630' (Feature Level 11_0)
[2021.12.03-14.25.05:512][  0]LogD3D11RHI:       128/0/8119 MB DedicatedVideo/DedicatedSystem/SharedSystem, Outputs:1, VendorId:0x8086
[2021.12.03-14.25.05:523][  0]LogD3D11RHI:    2. 'Microsoft Basic Render Driver' (Feature Level 11_0)
[2021.12.03-14.25.05:523][  0]LogD3D11RHI:       0/0/8119 MB DedicatedVideo/DedicatedSystem/SharedSystem, Outputs:0, VendorId:0x1414
[2021.12.03-14.25.05:523][  0]LogD3D11RHI: Chosen D3D11 Adapter: 0
[2021.12.03-14.25.05:530][  0]LogD3D11RHI: Creating new Direct3DDevice
[2021.12.03-14.25.05:530][  0]LogD3D11RHI:     GPU DeviceId: 0x1b82 (for the marketing name, search the web for "GPU Device Id")
[2021.12.03-14.25.05:530][  0]LogWindows: EnumDisplayDevices:
[2021.12.03-14.25.05:530][  0]LogWindows:    0. 'Intel(R) UHD Graphics 630' (P:0 D:1)
[2021.12.03-14.25.05:530][  0]LogWindows:    1. 'Intel(R) UHD Graphics 630' (P:0 D:0)
[2021.12.03-14.25.05:531][  0]LogWindows:    2. 'Intel(R) UHD Graphics 630' (P:0 D:0)
[2021.12.03-14.25.05:531][  0]LogWindows:    3. 'NVIDIA GeForce GTX 1070 Ti' (P:1 D:1)
[2021.12.03-14.25.05:531][  0]LogWindows:    4. 'NVIDIA GeForce GTX 1070 Ti' (P:0 D:0)
[2021.12.03-14.25.05:531][  0]LogWindows:    5. 'NVIDIA GeForce GTX 1070 Ti' (P:0 D:0)
[2021.12.03-14.25.05:531][  0]LogWindows:    6. 'NVIDIA GeForce GTX 1070 Ti' (P:0 D:0)
[2021.12.03-14.25.05:531][  0]LogWindows: DebugString: PrimaryIsNotTheChoosenAdapter PrimaryIsNotTheChoosenAdapter PrimaryIsNotTheChoosenAdapter FoundDriverCount:4 
[2021.12.03-14.25.05:531][  0]LogD3D11RHI:     Adapter Name: NVIDIA GeForce GTX 1070 Ti
[2021.12.03-14.25.05:531][  0]LogD3D11RHI:   Driver Version: 460.89 (internal:27.21.14.6089, unified:460.89)
[2021.12.03-14.25.05:532][  0]LogD3D11RHI:      Driver Date: 12-11-2020
[2021.12.03-14.25.05:532][  0]LogRHI: Texture pool is 5655 MB (70% of 8079 MB)
[2021.12.03-14.25.05:605][  0]LogD3D11RHI: RHI has support for 64 bit atomics
[2021.12.03-14.25.05:605][  0]LogD3D11RHI: Async texture creation enabled
[2021.12.03-14.25.05:605][  0]LogD3D11RHI: Array index from any shader is supported
[2021.12.03-14.25.05:633][  0]LogD3D11RHI: GPU Timing Frequency: 1000.000000 (Debug: 2 1)
[2021.12.03-14.25.05:635][  0]LogShaderLibrary: Display: Using ../../../ShooterAssetPack/Content/ShaderArchive-Global-PCD3D_SM5.ushaderbytecode for material shader code. Total 2058 unique shaders.
[2021.12.03-14.25.05:635][  0]LogShaderLibrary: Display: Cooked Context: Using Shared Shader Library Global
[2021.12.03-14.25.05:637][  0]LogTemp: Warning: Clearing the OS Cache
[2021.12.03-14.25.05:650][  0]LogPakFile: New pak file ../../../ShooterAssetPack/Content/Paks/ShooterAssetPack-WindowsNoEditor.pak added to pak precacher.
[2021.12.03-14.25.05:676][  0]LogSlate: Using FreeType 2.10.0
[2021.12.03-14.25.05:679][  0]LogSlate: SlateFontServices - WITH_FREETYPE: 1, WITH_HARFBUZZ: 1
[2021.12.03-14.25.05:719][  0]LogShaderLibrary: Display: Using ../../../ShooterAssetPack/Content/ShaderArchive-ShooterAssetPack-PCD3D_SM5.ushaderbytecode for material shader code. Total 7093 unique shaders.
[2021.12.03-14.25.05:720][  0]LogShaderLibrary: Display: Cooked Context: Using Shared Shader Library ShooterAssetPack
[2021.12.03-14.25.05:720][  0]LogRHI: Display: Opened pipeline cache after state change and enqueued 0 of 0 tasks for precompile.
[2021.12.03-14.25.05:720][  0]LogRHI: Display: Failed to open default shader pipeline cache for ShooterAssetPack using shader platform 0.
[2021.12.03-14.25.05:720][  0]LogInit: Using OS detected language (en-US).
[2021.12.03-14.25.05:720][  0]LogInit: Using OS detected locale (en-US).
[2021.12.03-14.25.05:720][  0]LogTextLocalizationManager: No localization for 'en-US' exists, so 'en' will be used for the language.
[2021.12.03-14.25.05:720][  0]LogTextLocalizationManager: No localization for 'en-US' exists, so 'en' will be used for the locale.
[2021.12.03-14.25.05:720][  0]LogSlate: FontCache flush requested. Reason: Culture for localization was changed
[2021.12.03-14.25.05:720][  0]LogSlate: FontCache flush requested. Reason: Culture for localization was changed
[2021.12.03-14.25.05:721][  0]LogTextLocalizationManager: Compacting localization data took   0.53ms
[2021.12.03-14.25.05:742][  0]LogAssetRegistry: FAssetRegistry took 0.0213 seconds to start up
[2021.12.03-14.25.05:832][  0]LogStreaming: Display: Flushing async loaders.
[2021.12.03-14.25.05:834][  0]LogPackageLocalizationCache: Processed 18 localized package path(s) for 1 prioritized culture(s) in 0.000515 seconds
[2021.12.03-14.25.05:850][  0]LogInit: Selected Device Profile: [WindowsNoEditor]
[2021.12.03-14.25.05:875][  0]LogNetVersion: ShooterAssetPack 1.0.0, NetCL: 13144385, EngineNetVer: 14, GameNetVer: 0 (Checksum: 224982074)
[2021.12.03-14.25.05:937][  0]LogAudioCaptureCore: Display: No Audio Capture implementations found. Audio input will be silent.
[2021.12.03-14.25.05:937][  0]LogAudioCaptureCore: Display: No Audio Capture implementations found. Audio input will be silent.
[2021.12.03-14.25.05:975][  0]LogAISub: UAISubsystem::UAISubsystem AISubsystem (0000023E4DDEB7C0), frame # 0
[2021.12.03-14.25.05:975][  0]LogAISub: UAISubsystem::UAISubsystem AIPerceptionSystem (0000023E5E897400), frame # 0
[2021.12.03-14.25.05:978][  0]LogAISub: UAISubsystem::UAISubsystem EnvQueryManager (0000023E5F8C8000), frame # 0
[2021.12.03-14.25.06:014][  0]LogMoviePlayer: Initializing movie player
[2021.12.03-14.25.06:030][  0]LogAndroidPermission: UAndroidPermissionCallbackProxy::GetInstance
[2021.12.03-14.25.06:031][  0]LogOcInput: OculusInput pre-init called
[2021.12.03-14.25.06:034][  0]LogUObjectArray: 14241 objects as part of root set at end of initial load.
[2021.12.03-14.25.06:034][  0]LogUObjectArray: 2 objects are not in the root set, but can never be destroyed because they are in the DisregardForGC set.
[2021.12.03-14.25.06:034][  0]LogUObjectAllocator: 2887784 out of 0 bytes used by permanent object pool.
[2021.12.03-14.25.06:034][  0]LogUObjectArray: CloseDisregardForGC: 14241/14241 objects in disregard for GC pool
[2021.12.03-14.25.06:037][  0]LogEngine: Initializing Engine...
[2021.12.03-14.25.06:038][  0]LogHMD: Failed to initialize OpenVR with code 110
[2021.12.03-14.25.06:040][  0]LogStats: UGameplayTagsManager::InitializeManager -  0.001 s
[2021.12.03-14.25.06:148][  0]LogPakFile: Precache HighWater 16MB

[2021.12.03-14.25.06:148][  0]LogPakFile: Precache HighWater 32MB

[2021.12.03-14.25.06:148][  0]LogInit: Initializing FReadOnlyCVARCache
[2021.12.03-14.25.06:151][  0]LogAudioMixer: Display: Audio Mixer Platform Settings:
[2021.12.03-14.25.06:151][  0]LogAudioMixer: Display: 	Sample Rate:						  48000
[2021.12.03-14.25.06:151][  0]LogAudioMixer: Display: 	Callback Buffer Frame Size Requested: 1024
[2021.12.03-14.25.06:151][  0]LogAudioMixer: Display: 	Callback Buffer Frame Size To Use:	  1024
[2021.12.03-14.25.06:151][  0]LogAudioMixer: Display: 	Number of buffers to queue:			  2
[2021.12.03-14.25.06:151][  0]LogAudioMixer: Display: 	Max Channels (voices):				  32
[2021.12.03-14.25.06:151][  0]LogAudioMixer: Display: 	Number of Async Source Workers:		  0
[2021.12.03-14.25.06:151][  0]LogAudio: Display: AudioDevice MaxSources: 32
[2021.12.03-14.25.06:152][  0]LogAudio: Display: Using built-in audio occlusion.
[2021.12.03-14.25.06:152][  0]LogAudioMixer: Display: Initializing audio mixer.
[2021.12.03-14.25.06:226][  0]LogAudioDebug: Display: Lib vorbis DLL was dynamically loaded.
[2021.12.03-14.25.06:236][  0]LogAudioMixer: Display: 0: FrontLeft
[2021.12.03-14.25.06:236][  0]LogAudioMixer: Display: 1: FrontRight
[2021.12.03-14.25.06:261][  0]LogAudioMixer: Display: Using Audio Device Headphones (High Definition Audio Device)
[2021.12.03-14.25.06:262][  0]LogAudioMixer: Display: Initializing Sound Submixes...
[2021.12.03-14.25.06:263][  0]LogAudioMixer: Display: Creating Master Submix 'MasterSubmixDefault'
[2021.12.03-14.25.06:264][  0]LogAudioMixer: Display: Creating Master Submix 'MasterReverbSubmixDefault'
[2021.12.03-14.25.06:266][  0]LogAudioMixer: Display: Creating Master Submix 'MasterEQSubmixDefault'
[2021.12.03-14.25.06:266][  0]LogInit: FAudioDevice initialized.
[2021.12.03-14.25.06:269][  0]LogNetVersion: Set ProjectVersion to 1.0.0.0. Version Checksum will be recalculated on next use.
[2021.12.03-14.25.06:269][  0]LogInit: Texture streaming: Enabled
[2021.12.03-14.25.06:307][  0]LogSlate: Updating window title bar state: overlay mode, drag disabled, window buttons hidden, title bar hidden
[2021.12.03-14.25.06:310][  0]LogInit: Display: Game Engine Initialized.
[2021.12.03-14.25.06:312][  0]LogInit: Display: Starting Game.
[2021.12.03-14.25.06:313][  0]LogNet: Browse: /Game/SandBox?Name=Player
[2021.12.03-14.25.06:313][  0]LogLoad: LoadMap: /Game/SandBox?Name=Player
[2021.12.03-14.25.06:313][  0]LogWorld: BeginTearingDown for /Temp/Untitled_0
[2021.12.03-14.25.06:317][  0]LogWorld: UWorld::CleanupWorld for Untitled, bSessionEnded=true, bCleanupResources=true
[2021.12.03-14.25.06:317][  0]LogSlate: InvalidateAllWidgets triggered.  All widgets were invalidated
[2021.12.03-14.25.06:327][  0]LogUObjectHash: Compacting FUObjectHashTables data took   0.82ms
[2021.12.03-14.25.07:186][  0]LogPakFile: Precache HighWater 48MB

[2021.12.03-14.25.07:207][  0]LogAIModule: Creating AISystem for world SandBox
[2021.12.03-14.25.07:207][  0]LogAISub: UAISubsystem::UAISubsystem EnvQueryManager (0000023E051CAA00), frame # 0
[2021.12.03-14.25.07:207][  0]LogAISub: UAISubsystem::UAISubsystem AIPerceptionSystem (0000023E051E7F40), frame # 0
[2021.12.03-14.25.07:240][  0]LogLoad: Game class is 'BP_KillemAllGameMode_C'
[2021.12.03-14.25.07:302][  0]LogWorld: Bringing World /Game/SandBox.SandBox up for play (max tick rate 0) at 2021.12.03-16.25.07
[2021.12.03-14.25.07:324][  0]LogWorld: Bringing up level for play took: 0.082091
[2021.12.03-14.25.07:343][  0]LogUMG: Display: Widget Class WBP_HUD_C - Loaded Fast Template.
[2021.12.03-14.25.07:351][  0]LogLoad: Took 1.037691 seconds to LoadMap(/Game/SandBox)
[2021.12.03-14.25.07:357][  0]LogSlate: Took 0.000962 seconds to synchronously load lazily loaded font '../../../Engine/Content/EngineFonts/Faces/RobotoBold.ufont' (160K)
[2021.12.03-14.25.07:391][  0]LogRHI: Display: ShaderPipelineCache: Paused Batching. 1
[2021.12.03-14.25.07:391][  0]LogRHI: Display: ShaderPipelineCache: Resumed Batching. 0
[2021.12.03-14.25.07:391][  0]LogRHI: Display: ShaderPipelineCache: Batching Resumed.
[2021.12.03-14.25.07:391][  0]LogLoad: (Engine Initialization) Total time: 3.01 seconds
[2021.12.03-14.25.07:429][  0]LogRenderer: Reallocating scene render targets to support 1920x1080 Format 10 NumSamples 1 (Frame:1).
[2021.12.03-14.25.07:509][  0]LogContentStreaming: Texture pool size now 1000 MB
[2021.12.03-14.25.07:531][  0]LogSlate: InvalidateAllWidgets triggered.  All widgets were invalidated
[2021.12.03-14.25.07:809][  0]LogRenderer: Reallocating scene render targets to support 128x128 Format 10 NumSamples 1 (Frame:1).
[2021.12.03-14.25.07:925][  0]LogRenderer: Reallocating scene render targets to support 1920x1080 Format 10 NumSamples 1 (Frame:2).
[2021.12.03-14.25.07:995][  0]LogSlate: Slate font cache was flushed
[2021.12.03-14.25.08:016][  1]LogSlate: Took 0.000121 seconds to synchronously load lazily loaded font '../../../Engine/Content/EngineFonts/Faces/RobotoBold.ufont' (160K)
[2021.12.03-14.25.18:366][ 32]LogTemp: Warning: Health left 75.000000
[2021.12.03-14.25.19:118][ 99]LogTemp: Warning: Health left 50.000000
[2021.12.03-14.25.19:678][152]LogTemp: Warning: Health left 25.000000
[2021.12.03-14.25.20:623][245]LogTemp: Warning: Health left 0.000000
[2021.12.03-14.25.24:260][621]LogTemp: Warning: Health left 75.000000
[2021.12.03-14.25.24:594][646]LogTemp: Warning: Health left 50.000000
[2021.12.03-14.25.24:801][667]LogTemp: Warning: Health left 25.000000
[2021.12.03-14.25.24:966][684]LogTemp: Warning: Health left 0.000000
[2021.12.03-14.25.30:774][292]LogTemp: Warning: Health left 75.000000
[2021.12.03-14.25.31:130][323]LogTemp: Warning: Health left 50.000000
[2021.12.03-14.25.31:654][371]LogTemp: Warning: Health left 25.000000
[2021.12.03-14.25.31:839][390]LogTemp: Warning: Health left 0.000000
[2021.12.03-14.25.32:190][425]LogTemp: Warning: Health left 75.000000
[2021.12.03-14.25.32:556][460]LogTemp: Warning: Health left 50.000000
[2021.12.03-14.25.32:732][476]LogTemp: Warning: Health left 25.000000
[2021.12.03-14.25.32:887][490]LogTemp: Warning: Health left 0.000000
[2021.12.03-14.25.33:075][507]LogTemp: Warning: Health left 0.000000
[2021.12.03-14.25.33:238][521]LogTemp: Warning: Health left 0.000000
[2021.12.03-14.25.38:499][ 17]LogSlate: Took 0.005785 seconds to synchronously load lazily loaded font '../../../Engine/Content/Slate/Fonts/Roboto-Regular.ttf' (155K)
[2021.12.03-14.25.53:559][801]LogTemp: Warning: Health left 75.000000
[2021.12.03-14.25.53:713][821]LogTemp: Warning: Health left 75.000000
[2021.12.03-14.25.53:722][822]LogTemp: Warning: Health left 125.000000
[2021.12.03-14.25.53:747][824]LogTemp: Warning: Health left 100.000000
[2021.12.03-14.25.54:482][904]LogTemp: Warning: Health left 75.000000
[2021.12.03-14.25.54:512][907]LogTemp: Warning: Health left 50.000000
[2021.12.03-14.25.54:930][953]LogTemp: Warning: Health left 50.000000
[2021.12.03-14.25.55:090][970]LogTemp: Warning: Health left 50.000000
[2021.12.03-14.25.55:244][987]LogTemp: Warning: Health left 25.000000
[2021.12.03-14.25.55:259][989]LogTemp: Warning: Health left 25.000000
[2021.12.03-14.25.55:277][991]LogTemp: Warning: Health left 0.000000
[2021.12.03-14.25.55:278][991]LogUMG: Display: Widget Class WBP_LoseScreen_C - Loaded Fast Template.
[2021.12.03-14.26.00:282][656]LogNet: Browse: /Game/SandBox?Name=Player?restart
[2021.12.03-14.26.00:282][656]LogLoad: LoadMap: /Game/SandBox?Name=Player
[2021.12.03-14.26.00:282][656]LogWorld: BeginTearingDown for /Game/SandBox
[2021.12.03-14.26.00:287][656]LogWorld: UWorld::CleanupWorld for SandBox, bSessionEnded=true, bCleanupResources=true
[2021.12.03-14.26.00:298][656]LogSlate: InvalidateAllWidgets triggered.  All widgets were invalidated
[2021.12.03-14.26.00:354][656]LogAISub: UAISubsystem::~UAISubsystem EnvQueryManager (0000023E051CAA00), frame # 5656
[2021.12.03-14.26.00:354][656]LogAISub: UAISubsystem::~UAISubsystem AIPerceptionSystem (0000023E051E7F40), frame # 5656
[2021.12.03-14.26.00:363][656]LogUObjectHash: Compacting FUObjectHashTables data took   0.68ms
[2021.12.03-14.26.00:374][656]LogStreaming: Display: Flushing async loaders.
[2021.12.03-14.26.00:825][656]LogPakFile: Precache HighWater 64MB

[2021.12.03-14.26.00:825][656]LogPakFile: Precache HighWater 80MB

[2021.12.03-14.26.00:825][656]LogPakFile: Precache HighWater 96MB

[2021.12.03-14.26.00:839][656]LogAIModule: Creating AISystem for world SandBox
[2021.12.03-14.26.00:839][656]LogAISub: UAISubsystem::UAISubsystem EnvQueryManager (0000023E5DC3F800), frame # 5656
[2021.12.03-14.26.00:839][656]LogAISub: UAISubsystem::UAISubsystem AIPerceptionSystem (0000023E051E8080), frame # 5656
[2021.12.03-14.26.00:857][656]LogLoad: Game class is 'BP_KillemAllGameMode_C'
[2021.12.03-14.26.00:882][656]LogWorld: Bringing World /Game/SandBox.SandBox up for play (max tick rate 0) at 2021.12.03-16.26.00
[2021.12.03-14.26.00:892][656]LogWorld: Bringing up level for play took: 0.034275
[2021.12.03-14.26.00:901][656]LogUMG: Display: Widget Class WBP_HUD_C - Loaded Fast Template.
[2021.12.03-14.26.00:903][656]LogLoad: Took 0.620766 seconds to LoadMap(/Game/SandBox)
[2021.12.03-14.26.08:204][533]LogTemp: Warning: Health left 75.000000
[2021.12.03-14.26.08:389][549]LogTemp: Warning: Health left 50.000000
[2021.12.03-14.26.08:560][566]LogTemp: Warning: Health left 25.000000
[2021.12.03-14.26.08:711][580]LogTemp: Warning: Health left 0.000000
[2021.12.03-14.26.08:870][595]LogTemp: Warning: Health left 0.000000
[2021.12.03-14.26.09:038][611]LogTemp: Warning: Health left 0.000000
[2021.12.03-14.26.10:107][716]LogTemp: Warning: Health left 125.000000
[2021.12.03-14.26.10:334][741]LogTemp: Warning: Health left 75.000000
[2021.12.03-14.26.10:513][760]LogTemp: Warning: Health left 50.000000
[2021.12.03-14.26.10:694][782]LogTemp: Warning: Health left 25.000000
[2021.12.03-14.26.10:869][801]LogTemp: Warning: Health left 100.000000
[2021.12.03-14.26.11:126][832]LogTemp: Warning: Health left 0.000000
[2021.12.03-14.26.14:999][272]LogTemp: Warning: Health left 75.000000
[2021.12.03-14.26.15:670][334]LogTemp: Warning: Health left 75.000000
[2021.12.03-14.26.15:840][350]LogTemp: Warning: Health left 50.000000
[2021.12.03-14.26.16:175][381]LogTemp: Warning: Health left 25.000000
[2021.12.03-14.26.16:343][397]LogTemp: Warning: Health left 0.000000
[2021.12.03-14.26.16:376][400]LogTemp: Warning: Health left 75.000000
[2021.12.03-14.26.17:141][465]LogTemp: Warning: Health left 50.000000
[2021.12.03-14.26.18:670][610]LogTemp: Warning: Health left 25.000000
[2021.12.03-14.26.19:439][680]LogTemp: Warning: Health left 0.000000
[2021.12.03-14.26.19:439][680]LogUMG: Display: Widget Class WBP_LoseScreen_C - Loaded Fast Template.
[2021.12.03-14.26.24:451][166]LogNet: Browse: /Game/SandBox?Name=Player?restart
[2021.12.03-14.26.24:451][166]LogLoad: LoadMap: /Game/SandBox?Name=Player
[2021.12.03-14.26.24:451][166]LogWorld: BeginTearingDown for /Game/SandBox
[2021.12.03-14.26.24:453][166]LogWorld: UWorld::CleanupWorld for SandBox, bSessionEnded=true, bCleanupResources=true
[2021.12.03-14.26.24:465][166]LogSlate: InvalidateAllWidgets triggered.  All widgets were invalidated
[2021.12.03-14.26.24:511][166]LogAISub: UAISubsystem::~UAISubsystem AIPerceptionSystem (0000023E051E8080), frame # 8166
[2021.12.03-14.26.24:511][166]LogAISub: UAISubsystem::~UAISubsystem EnvQueryManager (0000023E5DC3F800), frame # 8166
[2021.12.03-14.26.24:521][166]LogUObjectHash: Compacting FUObjectHashTables data took   0.74ms
[2021.12.03-14.26.24:533][166]LogStreaming: Display: Flushing async loaders.
[2021.12.03-14.26.25:012][166]LogPakFile: Precache HighWater 112MB

[2021.12.03-14.26.25:012][166]LogPakFile: Precache HighWater 128MB

[2021.12.03-14.26.25:012][166]LogPakFile: Precache HighWater 144MB

[2021.12.03-14.26.25:033][166]LogAIModule: Creating AISystem for world SandBox
[2021.12.03-14.26.25:033][166]LogAISub: UAISubsystem::UAISubsystem EnvQueryManager (0000023E753E6800), frame # 8166
[2021.12.03-14.26.25:033][166]LogAISub: UAISubsystem::UAISubsystem AIPerceptionSystem (0000023E67DFA600), frame # 8166
[2021.12.03-14.26.25:056][166]LogLoad: Game class is 'BP_KillemAllGameMode_C'
[2021.12.03-14.26.25:087][166]LogWorld: Bringing World /Game/SandBox.SandBox up for play (max tick rate 0) at 2021.12.03-16.26.25
[2021.12.03-14.26.25:103][166]LogWorld: Bringing up level for play took: 0.046688
[2021.12.03-14.26.25:111][166]LogUMG: Display: Widget Class WBP_HUD_C - Loaded Fast Template.
[2021.12.03-14.26.25:112][166]LogLoad: Took 0.661002 seconds to LoadMap(/Game/SandBox)
[2021.12.03-14.26.26:607][301]LogSlate: Request Window 'ShooterAssetPack (64-bit Development PCD3D_SM5) ' being destroyed
[2021.12.03-14.26.26:624][301]LogSlate: Window 'ShooterAssetPack (64-bit Development PCD3D_SM5) ' being destroyed
[2021.12.03-14.26.26:625][301]LogWindowsTextInputMethodSystem: Display: IME system now deactivated.
[2021.12.03-14.26.26:631][302]LogSlate: Updating window title bar state: overlay mode, drag disabled, window buttons hidden, title bar hidden
[2021.12.03-14.26.26:631][302]LogEngine: All Windows Closed
[2021.12.03-14.26.26:631][302]LogWindows: FPlatformMisc::RequestExit(0)
[2021.12.03-14.26.26:631][302]LogCore: Engine exit requested (reason: Win RequestExit)
[2021.12.03-14.26.26:632][303]LogCore: Engine exit requested (reason: EngineExit() was called; note: exit was already requested)
[2021.12.03-14.26.26:634][303]LogAudio: Display: Shutting down audio device while 2 references to it are still alive. For more information, compile with INSTRUMENT_AUDIODEVICE_HANDLES.
[2021.12.03-14.26.26:679][303]LogInit: Display: PreExit Game.
[2021.12.03-14.26.26:691][303]LogWorld: BeginTearingDown for /Game/SandBox
[2021.12.03-14.26.26:692][303]LogWorld: UWorld::CleanupWorld for SandBox, bSessionEnded=true, bCleanupResources=true
[2021.12.03-14.26.26:701][303]LogSlate: InvalidateAllWidgets triggered.  All widgets were invalidated
[2021.12.03-14.26.27:092][303]LogExit: Preparing to exit.
[2021.12.03-14.26.27:092][303]LogMoviePlayer: Shutting down movie player
[2021.12.03-14.26.27:104][303]LogSlate: Updating window title bar state: overlay mode, drag disabled, window buttons hidden, title bar hidden
[2021.12.03-14.26.27:119][303]LogDemo: Cleaned up 0 splitscreen connections with owner deletion
[2021.12.03-14.26.27:122][303]LogExit: Game engine shut down
[2021.12.03-14.26.27:151][303]LogAISub: UAISubsystem::~UAISubsystem AISubsystem (0000023E4DDEB7C0), frame # 8303
[2021.12.03-14.26.27:152][303]LogAISub: UAISubsystem::~UAISubsystem AIPerceptionSystem (0000023E5E897400), frame # 8303
[2021.12.03-14.26.27:152][303]LogAISub: UAISubsystem::~UAISubsystem EnvQueryManager (0000023E5F8C8000), frame # 8303
[2021.12.03-14.26.27:158][303]LogAISub: UAISubsystem::~UAISubsystem AIPerceptionSystem (0000023E67DFA600), frame # 8303
[2021.12.03-14.26.27:158][303]LogAISub: UAISubsystem::~UAISubsystem EnvQueryManager (0000023E753E6800), frame # 8303
[2021.12.03-14.26.27:185][303]LogExit: Object subsystem successfully closed.
[2021.12.03-14.26.27:209][303]LogModuleManager: Shutting down and abandoning module AutomationController (318)
[2021.12.03-14.26.27:209][303]LogModuleManager: Shutting down and abandoning module AutomationWorker (316)
[2021.12.03-14.26.27:210][303]LogModuleManager: Shutting down and abandoning module Voice (314)
[2021.12.03-14.26.27:210][303]LogModuleManager: Shutting down and abandoning module AIModule (312)
[2021.12.03-14.26.27:210][303]LogModuleManager: Shutting down and abandoning module GameplayDebugger (311)
[2021.12.03-14.26.27:210][303]LogModuleManager: Shutting down and abandoning module NavigationSystem (309)
[2021.12.03-14.26.27:210][303]LogModuleManager: Shutting down and abandoning module WebMMediaFactory (306)
[2021.12.03-14.26.27:210][303]LogModuleManager: Shutting down and abandoning module WebMMedia (304)
[2021.12.03-14.26.27:210][303]LogModuleManager: Shutting down and abandoning module OculusMR (302)
[2021.12.03-14.26.27:210][303]LogModuleManager: Shutting down and abandoning module WmfMediaFactory (300)
[2021.12.03-14.26.27:210][303]LogModuleManager: Shutting down and abandoning module OpenExrWrapper (298)
[2021.12.03-14.26.27:210][303]LogModuleManager: Shutting down and abandoning module ImgMediaFactory (296)
[2021.12.03-14.26.27:210][303]LogModuleManager: Shutting down and abandoning module AvfMediaFactory (294)
[2021.12.03-14.26.27:210][303]LogModuleManager: Shutting down and abandoning module CharacterAI (292)
[2021.12.03-14.26.27:210][303]LogModuleManager: Shutting down and abandoning module PlanarCut (290)
[2021.12.03-14.26.27:210][303]LogModuleManager: Shutting down and abandoning module SessionServices (288)
[2021.12.03-14.26.27:210][303]LogModuleManager: Shutting down and abandoning module LiveCoding (286)
[2021.12.03-14.26.27:210][303]LogModuleManager: Shutting down and abandoning module LevelSequence (284)
[2021.12.03-14.26.27:210][303]LogModuleManager: Shutting down and abandoning module MovieSceneTracks (282)
[2021.12.03-14.26.27:210][303]LogModuleManager: Shutting down and abandoning module MovieScene (280)
[2021.12.03-14.26.27:212][303]LogModuleManager: Shutting down and abandoning module StreamingPauseRendering (278)
[2021.12.03-14.26.27:212][303]LogModuleManager: Shutting down and abandoning module AudioMixerXAudio2 (276)
[2021.12.03-14.26.27:212][303]LogModuleManager: Shutting down and abandoning module AudioMixerCore (275)
[2021.12.03-14.26.27:212][303]LogModuleManager: Shutting down and abandoning module ImageWriteQueue (272)
[2021.12.03-14.26.27:212][303]LogModuleManager: Shutting down and abandoning module ProfilerService (270)
[2021.12.03-14.26.27:436][303]LogModuleManager: Shutting down and abandoning module TaskGraph (268)
[2021.12.03-14.26.27:438][303]LogModuleManager: Shutting down and abandoning module Synthesis (266)
[2021.12.03-14.26.27:438][303]LogModuleManager: Shutting down and abandoning module OculusInput (264)
[2021.12.03-14.26.27:438][303]LogModuleManager: Shutting down and abandoning module MobilePatchingUtils (262)
[2021.12.03-14.26.27:438][303]LogModuleManager: Shutting down and abandoning module GooglePAD (260)
[2021.12.03-14.26.27:438][303]LogModuleManager: Shutting down and abandoning module CustomMeshComponent (258)
[2021.12.03-14.26.27:438][303]LogModuleManager: Shutting down and abandoning module CableComponent (256)
[2021.12.03-14.26.27:438][303]LogModuleManager: Shutting down and abandoning module AudioCapture (254)
[2021.12.03-14.26.27:438][303]LogModuleManager: Shutting down and abandoning module AudioCaptureRtAudio (253)
[2021.12.03-14.26.27:438][303]LogModuleManager: Shutting down and abandoning module AssetTags (250)
[2021.12.03-14.26.27:438][303]LogModuleManager: Shutting down and abandoning module ArchVisCharacter (248)
[2021.12.03-14.26.27:438][303]LogModuleManager: Shutting down and abandoning module AppleImageUtils (246)
[2021.12.03-14.26.27:438][303]LogModuleManager: Shutting down and abandoning module AndroidPermission (244)
[2021.12.03-14.26.27:438][303]LogModuleManager: Shutting down and abandoning module TemplateSequence (242)
[2021.12.03-14.26.27:438][303]LogModuleManager: Shutting down and abandoning module MediaCompositing (240)
[2021.12.03-14.26.27:438][303]LogModuleManager: Shutting down and abandoning module ImgMedia (238)
[2021.12.03-14.26.27:438][303]LogModuleManager: Shutting down and abandoning module MagicLeapLightEstimation (236)
[2021.12.03-14.26.27:438][303]LogModuleManager: Shutting down and abandoning module MagicLeapHelperVulkan (234)
[2021.12.03-14.26.27:438][303]LogModuleManager: Shutting down and abandoning module MagicLeapHelperOpenGL (232)
[2021.12.03-14.26.27:438][303]LogModuleManager: Shutting down and abandoning module MagicLeapAudio (230)
[2021.12.03-14.26.27:438][303]LogModuleManager: Shutting down and abandoning module MagicLeapSharedWorld (228)
[2021.12.03-14.26.27:438][303]LogModuleManager: Shutting down and abandoning module ChaosNiagara (226)
[2021.12.03-14.26.27:438][303]LogModuleManager: Shutting down and abandoning module ProceduralMeshComponent (224)
[2021.12.03-14.26.27:438][303]LogModuleManager: Shutting down and abandoning module GeometryCollectionTracks (222)
[2021.12.03-14.26.27:438][303]LogModuleManager: Shutting down and abandoning module EditableMesh (220)
[2021.12.03-14.26.27:438][303]LogModuleManager: Shutting down and abandoning module MeshSolverUtilities (218)
[2021.12.03-14.26.27:438][303]LogModuleManager: Shutting down and abandoning module MeshConversion (216)
[2021.12.03-14.26.27:438][303]LogModuleManager: Shutting down and abandoning module DynamicMesh (214)
[2021.12.03-14.26.27:438][303]LogModuleManager: Shutting down and abandoning module GeometryAlgorithms (212)
[2021.12.03-14.26.27:438][303]LogModuleManager: Shutting down and abandoning module GeometricObjects (210)
[2021.12.03-14.26.27:438][303]LogModuleManager: Shutting down and abandoning module ChaosCloth (208)
[2021.12.03-14.26.27:438][303]LogModuleManager: Shutting down and abandoning module BackChannel (206)
[2021.12.03-14.26.27:438][303]LogModuleManager: Shutting down and abandoning module AutomationUtils (204)
[2021.12.03-14.26.27:438][303]LogModuleManager: Shutting down and abandoning module GeometryCacheTracks (202)
[2021.12.03-14.26.27:438][303]LogModuleManager: Shutting down and abandoning module GeometryCache (200)
[2021.12.03-14.26.27:438][303]LogModuleManager: Shutting down and abandoning module UObjectPlugin (198)
[2021.12.03-14.26.27:438][303]LogModuleManager: Shutting down and abandoning module ShooterAssetPack (196)
[2021.12.03-14.26.27:438][303]LogModuleManager: Shutting down and abandoning module SoundFields (194)
[2021.12.03-14.26.27:438][303]LogModuleManager: Shutting down and abandoning module RuntimePhysXCooking (192)
[2021.12.03-14.26.27:438][303]LogModuleManager: Shutting down and abandoning module LocationServicesBPLibrary (188)
[2021.12.03-14.26.27:438][303]LogModuleManager: Shutting down and abandoning module ActorSequence (186)
[2021.12.03-14.26.27:438][303]LogModuleManager: Shutting down and abandoning module UdpMessaging (184)
[2021.12.03-14.26.27:439][303]LogModuleManager: Shutting down and abandoning module TcpMessaging (182)
[2021.12.03-14.26.27:439][303]LogModuleManager: Shutting down and abandoning module MagicLeapHandMeshing (180)
[2021.12.03-14.26.27:439][303]LogModuleManager: Shutting down and abandoning module MagicLeapSecureStorage (178)
[2021.12.03-14.26.27:439][303]LogModuleManager: Shutting down and abandoning module MagicLeapPrivileges (176)
[2021.12.03-14.26.27:439][303]LogModuleManager: Shutting down and abandoning module MagicLeapPlanes (174)
[2021.12.03-14.26.27:439][303]LogModuleManager: Shutting down and abandoning module MagicLeapImageTracker (172)
[2021.12.03-14.26.27:439][303]LogModuleManager: Shutting down and abandoning module MagicLeapIdentity (170)
[2021.12.03-14.26.27:439][303]LogModuleManager: Shutting down and abandoning module MagicLeapHandTracking (168)
[2021.12.03-14.26.27:439][303]LogModuleManager: Shutting down and abandoning module MagicLeapEyeTracker (166)
[2021.12.03-14.26.27:439][303]LogModuleManager: Shutting down and abandoning module MagicLeapController (164)
[2021.12.03-14.26.27:439][303]LogSlate: Slate User Destroyed.  User Index 0, Is Virtual User: 0
[2021.12.03-14.26.27:439][303]LogModuleManager: Shutting down and abandoning module MagicLeapARPinImpl (162)
[2021.12.03-14.26.27:439][303]LogModuleManager: Shutting down and abandoning module MagicLeapAR (160)
[2021.12.03-14.26.27:439][303]LogModuleManager: Shutting down and abandoning module AugmentedReality (159)
[2021.12.03-14.26.27:440][303]LogModuleManager: Shutting down and abandoning module MagicLeapARPin (156)
[2021.12.03-14.26.27:440][303]LogModuleManager: Shutting down and abandoning module NiagaraAnimNotifies (154)
[2021.12.03-14.26.27:440][303]LogModuleManager: Shutting down and abandoning module Niagara (152)
[2021.12.03-14.26.27:440][303]LogModuleManager: Shutting down and abandoning module SignalProcessing (151)
[2021.12.03-14.26.27:440][303]LogModuleManager: Shutting down and abandoning module NiagaraCore (148)
[2021.12.03-14.26.27:440][303]LogModuleManager: Shutting down and abandoning module FacialAnimation (146)
[2021.12.03-14.26.27:440][303]LogModuleManager: Shutting down and abandoning module SignificanceManager (144)
[2021.12.03-14.26.27:440][303]LogModuleManager: Shutting down and abandoning module AnimationSharing (142)
[2021.12.03-14.26.27:440][303]LogModuleManager: Shutting down and abandoning module LightPropagationVolumeRuntime (140)
[2021.12.03-14.26.27:440][303]LogModuleManager: Shutting down and abandoning module Paper2D (138)
[2021.12.03-14.26.27:440][303]LogModuleManager: Shutting down and abandoning module WindowsMoviePlayer (136)
[2021.12.03-14.26.27:442][303]LogModuleManager: Shutting down and abandoning module WebMMoviePlayer (134)
[2021.12.03-14.26.27:442][303]LogModuleManager: Shutting down and abandoning module NetworkReplayStreaming (132)
[2021.12.03-14.26.27:442][303]LogModuleManager: Shutting down and abandoning module PacketHandler (130)
[2021.12.03-14.26.27:442][303]LogModuleManager: Shutting down and abandoning module ClothingSystemRuntimeNv (128)
[2021.12.03-14.26.27:442][303]LogModuleManager: Shutting down and abandoning module MediaAssets (126)
[2021.12.03-14.26.27:442][303]LogModuleManager: Shutting down and abandoning module Overlay (124)
[2021.12.03-14.26.27:442][303]LogModuleManager: Shutting down and abandoning module FunctionalTesting (122)
[2021.12.03-14.26.27:442][303]LogModuleManager: Shutting down and abandoning module MessageLog (120)
[2021.12.03-14.26.27:443][303]LogModuleManager: Shutting down and abandoning module UMG (118)
[2021.12.03-14.26.27:443][303]LogModuleManager: Shutting down and abandoning module SlateReflector (116)
[2021.12.03-14.26.27:445][303]LogModuleManager: Shutting down and abandoning module Slate (114)
[2021.12.03-14.26.27:445][303]LogModuleManager: Shutting down and abandoning module SlateCore (112)
[2021.12.03-14.26.27:445][303]LogModuleManager: Shutting down and abandoning module MRMesh (110)
[2021.12.03-14.26.27:445][303]LogModuleManager: Shutting down and abandoning module Messaging (108)
[2021.12.03-14.26.27:445][303]LogModuleManager: Shutting down and abandoning module HeadMountedDisplay (106)
[2021.12.03-14.26.27:445][303]LogModuleManager: Shutting down and abandoning module XAudio2 (104)
[2021.12.03-14.26.27:445][303]LogModuleManager: Shutting down and abandoning module Networking (102)
[2021.12.03-14.26.27:445][303]LogModuleManager: Shutting down and abandoning module Core (100)
[2021.12.03-14.26.27:445][303]LogModuleManager: Shutting down and abandoning module ImageWrapper (96)
[2021.12.03-14.26.27:445][303]LogModuleManager: Shutting down and abandoning module InputCore (94)
[2021.12.03-14.26.27:445][303]LogModuleManager: Shutting down and abandoning module Settings (92)
[2021.12.03-14.26.27:445][303]LogModuleManager: Shutting down and abandoning module PhysXCooking (90)
[2021.12.03-14.26.27:445][303]LogModuleManager: Shutting down and abandoning module ChaosSolvers (88)
[2021.12.03-14.26.27:445][303]LogModuleManager: Shutting down and abandoning module FieldSystemEngine (87)
[2021.12.03-14.26.27:445][303]LogModuleManager: Shutting down and abandoning module Chaos (84)
[2021.12.03-14.26.27:445][303]LogModuleManager: Shutting down and abandoning module WindowsPlatformFeatures (82)
[2021.12.03-14.26.27:446][303]LogModuleManager: Shutting down and abandoning module GameplayMediaEncoder (81)
[2021.12.03-14.26.27:446][303]LogModuleManager: Shutting down and abandoning module AVEncoder (80)
[2021.12.03-14.26.27:446][303]LogModuleManager: Shutting down and abandoning module SteamVRInputDevice (76)
[2021.12.03-14.26.27:446][303]LogModuleManager: Shutting down and abandoning module SteamVRInput (74)
[2021.12.03-14.26.27:446][303]LogModuleManager: Shutting down and abandoning module SteamVR (72)
[2021.12.03-14.26.27:447][303]LogHMD: Freeing OpenVRDLLHandle.
[2021.12.03-14.26.27:447][303]LogModuleManager: Shutting down and abandoning module OculusHMD (70)
[2021.12.03-14.26.27:447][303]LogModuleManager: Shutting down and abandoning module ExampleDeviceProfileSelector (68)
[2021.12.03-14.26.27:447][303]LogModuleManager: Shutting down and abandoning module LauncherChunkInstaller (66)
[2021.12.03-14.26.27:447][303]LogModuleManager: Shutting down and abandoning module OnlineSubsystem (62)
[2021.12.03-14.26.27:447][303]LogModuleManager: Shutting down and abandoning module HTTP (57)
[2021.12.03-14.26.27:460][303]LogModuleManager: Shutting down and abandoning module SSL (56)
[2021.12.03-14.26.27:460][303]LogModuleManager: Shutting down and abandoning module WmfMedia (52)
[2021.12.03-14.26.27:461][303]LogModuleManager: Shutting down and abandoning module Media (51)
[2021.12.03-14.26.27:461][303]LogModuleManager: Shutting down and abandoning module MagicLeap (48)
[2021.12.03-14.26.27:461][303]LogModuleManager: Shutting down and abandoning module NiagaraVertexFactories (46)
[2021.12.03-14.26.27:461][303]LogModuleManager: Shutting down and abandoning module NiagaraShader (44)
[2021.12.03-14.26.27:461][303]LogModuleManager: Shutting down and abandoning module VariantManagerContent (42)
[2021.12.03-14.26.27:461][303]LogModuleManager: Shutting down and abandoning module DatasmithContent (40)
[2021.12.03-14.26.27:461][303]LogModuleManager: Shutting down and abandoning module AISupportModule (38)
[2021.12.03-14.26.27:461][303]LogModuleManager: Shutting down and abandoning module PlatformCryptoOpenSSL (36)
[2021.12.03-14.26.27:461][303]LogModuleManager: Shutting down and abandoning module PlatformCryptoTypes (34)
[2021.12.03-14.26.27:461][303]LogModuleManager: Shutting down and abandoning module PlatformCrypto (32)
[2021.12.03-14.26.27:461][303]LogModuleManager: Shutting down and abandoning module RenderCore (30)
[2021.12.03-14.26.27:461][303]LogModuleManager: Shutting down and abandoning module Landscape (28)
[2021.12.03-14.26.27:461][303]LogModuleManager: Shutting down and abandoning module SlateRHIRenderer (26)
[2021.12.03-14.26.27:462][303]LogModuleManager: Shutting down and abandoning module OpenGLDrv (24)
[2021.12.03-14.26.27:462][303]LogModuleManager: Shutting down and abandoning module D3D11RHI (22)
[2021.12.03-14.26.27:462][303]LogModuleManager: Shutting down and abandoning module AnimGraphRuntime (20)
[2021.12.03-14.26.27:462][303]LogModuleManager: Shutting down and abandoning module Renderer (18)
[2021.12.03-14.26.27:462][303]LogModuleManager: Shutting down and abandoning module Engine (16)
[2021.12.03-14.26.27:462][303]LogModuleManager: Shutting down and abandoning module CoreUObject (14)
[2021.12.03-14.26.27:462][303]LogModuleManager: Shutting down and abandoning module NetworkFile (12)
[2021.12.03-14.26.27:462][303]LogModuleManager: Shutting down and abandoning module CookedIterativeFile (10)
[2021.12.03-14.26.27:462][303]LogModuleManager: Shutting down and abandoning module StreamingFile (8)
[2021.12.03-14.26.27:462][303]LogModuleManager: Shutting down and abandoning module SandboxFile (6)
[2021.12.03-14.26.27:462][303]LogModuleManager: Shutting down and abandoning module PakFile (4)
[2021.12.03-14.26.27:463][303]LogModuleManager: Shutting down and abandoning module RSA (3)
[2021.12.03-14.26.27:463][303]LogContentStreaming: Display: There are 1 unreleased StreamingManagers
[2021.12.03-14.26.27:464][303]LogD3D11RHI: Shutdown
[2021.12.03-14.26.27:464][303]LogD3D11RHI: CleanupD3DDevice
[2021.12.03-14.26.27:480][303]LogExit: Exiting.
[2021.12.03-14.26.27:489][303]Log file closed, 12/03/21 16:26:27
